Flow report for Pong
<<<<<<< HEAD
Thu Mar 25 23:49:16 2021
=======
Mon Mar 29 19:56:45 2021
>>>>>>> 4f36ea37594e5a135a8cedabfe0dde5b34e2a77a
Quartus Prime Version 20.1.0 Build 711 06/05/2020 SJ Lite Edition


---------------------
; Table of Contents ;
---------------------
  1. Legal Notice
  2. Flow Summary
  3. Flow Settings
  4. Flow Non-Default Global Settings
  5. Flow Elapsed Time
  6. Flow OS Summary
  7. Flow Log
  8. Flow Messages
  9. Flow Suppressed Messages



----------------
; Legal Notice ;
----------------
Copyright (C) 2020  Intel Corporation. All rights reserved.
Your use of Intel Corporation's design tools, logic functions 
and other software and tools, and any partner logic 
functions, and any output files from any of the foregoing 
(including device programming or simulation files), and any 
associated documentation or information are expressly subject 
to the terms and conditions of the Intel Program License 
Subscription Agreement, the Intel Quartus Prime License Agreement,
the Intel FPGA IP License Agreement, or other applicable license
agreement, including, without limitation, that your use is for
the sole purpose of programming logic devices manufactured by
Intel and sold by Intel or its authorized distributors.  Please
refer to the applicable agreement for further details, at
https://fpgasoftware.intel.com/eula.



+----------------------------------------------------------------------------------+
; Flow Summary                                                                     ;
+------------------------------------+---------------------------------------------+
<<<<<<< HEAD
; Flow Status                        ; Successful - Thu Mar 25 23:49:16 2021       ;
=======
; Flow Status                        ; Successful - Mon Mar 29 19:56:45 2021       ;
>>>>>>> 4f36ea37594e5a135a8cedabfe0dde5b34e2a77a
; Quartus Prime Version              ; 20.1.0 Build 711 06/05/2020 SJ Lite Edition ;
; Revision Name                      ; Pong                                        ;
; Top-level Entity Name              ; Pong                                        ;
; Family                             ; MAX 10                                      ;
; Device                             ; 10M50DAF484C6GES                            ;
; Timing Models                      ; Preliminary                                 ;
<<<<<<< HEAD
; Total logic elements               ; 210 / 49,760 ( < 1 % )                      ;
;     Total combinational functions  ; 198 / 49,760 ( < 1 % )                      ;
;     Dedicated logic registers      ; 79 / 49,760 ( < 1 % )                       ;
; Total registers                    ; 79                                          ;
=======
; Total logic elements               ; 218 / 49,760 ( < 1 % )                      ;
;     Total combinational functions  ; 206 / 49,760 ( < 1 % )                      ;
;     Dedicated logic registers      ; 84 / 49,760 ( < 1 % )                       ;
; Total registers                    ; 84                                          ;
>>>>>>> 4f36ea37594e5a135a8cedabfe0dde5b34e2a77a
; Total pins                         ; 17 / 360 ( 5 % )                            ;
; Total virtual pins                 ; 0                                           ;
; Total memory bits                  ; 0 / 1,677,312 ( 0 % )                       ;
; Embedded Multiplier 9-bit elements ; 0 / 288 ( 0 % )                             ;
; Total PLLs                         ; 1 / 4 ( 25 % )                              ;
; UFM blocks                         ; 0 / 1 ( 0 % )                               ;
; ADC blocks                         ; 0 / 2 ( 0 % )                               ;
+------------------------------------+---------------------------------------------+


+-----------------------------------------+
; Flow Settings                           ;
+-------------------+---------------------+
; Option            ; Setting             ;
+-------------------+---------------------+
<<<<<<< HEAD
; Start date & time ; 03/25/2021 23:48:27 ;
=======
; Start date & time ; 03/29/2021 19:55:55 ;
>>>>>>> 4f36ea37594e5a135a8cedabfe0dde5b34e2a77a
; Main task         ; Compilation         ;
; Revision Name     ; Pong                ;
+-------------------+---------------------+


+------------------------------------------------------------------------------------------------------------------------------------------------+
; Flow Non-Default Global Settings                                                                                                               ;
+-------------------------------------+----------------------------------------+---------------+-------------+-----------------------------------+
; Assignment Name                     ; Value                                  ; Default Value ; Entity Name ; Section Id                        ;
+-------------------------------------+----------------------------------------+---------------+-------------+-----------------------------------+
<<<<<<< HEAD
; COMPILER_SIGNATURE_ID               ; 45015789301798.161673050706092         ; --            ; --          ; --                                ;
=======
; COMPILER_SIGNATURE_ID               ; 251457865308787.161706215503404        ; --            ; --          ; --                                ;
>>>>>>> 4f36ea37594e5a135a8cedabfe0dde5b34e2a77a
; EDA_GENERATE_FUNCTIONAL_NETLIST     ; Off                                    ; --            ; --          ; eda_board_design_timing           ;
; EDA_GENERATE_FUNCTIONAL_NETLIST     ; Off                                    ; --            ; --          ; eda_board_design_boundary_scan    ;
; EDA_GENERATE_FUNCTIONAL_NETLIST     ; Off                                    ; --            ; --          ; eda_board_design_signal_integrity ;
; EDA_GENERATE_FUNCTIONAL_NETLIST     ; Off                                    ; --            ; --          ; eda_board_design_symbol           ;
; EDA_OUTPUT_DATA_FORMAT              ; Verilog Hdl                            ; --            ; --          ; eda_simulation                    ;
; EDA_SIMULATION_TOOL                 ; ModelSim-Altera (Verilog)              ; <None>        ; --          ; --                                ;
; EDA_TIME_SCALE                      ; 1 ps                                   ; --            ; --          ; eda_simulation                    ;
; MAX_CORE_JUNCTION_TEMP              ; 85                                     ; --            ; --          ; --                                ;
; MIN_CORE_JUNCTION_TEMP              ; 0                                      ; --            ; --          ; --                                ;
; PARTITION_COLOR                     ; -- (Not supported for targeted family) ; --            ; --          ; Top                               ;
; PARTITION_FITTER_PRESERVATION_LEVEL ; -- (Not supported for targeted family) ; --            ; --          ; Top                               ;
; PARTITION_NETLIST_TYPE              ; -- (Not supported for targeted family) ; --            ; --          ; Top                               ;
; POWER_BOARD_THERMAL_MODEL           ; None (CONSERVATIVE)                    ; --            ; --          ; --                                ;
; POWER_PRESET_COOLING_SOLUTION       ; 23 MM HEAT SINK WITH 200 LFPM AIRFLOW  ; --            ; --          ; --                                ;
; PROJECT_OUTPUT_DIRECTORY            ; output_files                           ; --            ; --          ; --                                ;
+-------------------------------------+----------------------------------------+---------------+-------------+-----------------------------------+


+--------------------------------------------------------------------------------------------------------------------------+
; Flow Elapsed Time                                                                                                        ;
+----------------------+--------------+-------------------------+---------------------+------------------------------------+
; Module Name          ; Elapsed Time ; Average Processors Used ; Peak Virtual Memory ; Total CPU Time (on all processors) ;
+----------------------+--------------+-------------------------+---------------------+------------------------------------+
<<<<<<< HEAD
; Analysis & Synthesis ; 00:00:20     ; 1.0                     ; 4726 MB             ; 00:00:22                           ;
; Fitter               ; 00:00:13     ; 1.0                     ; 5382 MB             ; 00:00:12                           ;
; Assembler            ; 00:00:05     ; 1.0                     ; 4683 MB             ; 00:00:04                           ;
; Timing Analyzer      ; 00:00:04     ; 1.0                     ; 4797 MB             ; 00:00:03                           ;
; EDA Netlist Writer   ; 00:00:01     ; 1.0                     ; 4642 MB             ; 00:00:01                           ;
; Total                ; 00:00:43     ; --                      ; --                  ; 00:00:42                           ;
=======
; Analysis & Synthesis ; 00:00:18     ; 1.0                     ; 4728 MB             ; 00:00:33                           ;
; Fitter               ; 00:00:13     ; 1.0                     ; 5381 MB             ; 00:00:16                           ;
; Assembler            ; 00:00:06     ; 1.0                     ; 4690 MB             ; 00:00:05                           ;
; Timing Analyzer      ; 00:00:06     ; 1.1                     ; 4796 MB             ; 00:00:05                           ;
; EDA Netlist Writer   ; 00:00:02     ; 1.0                     ; 4642 MB             ; 00:00:01                           ;
; Total                ; 00:00:45     ; --                      ; --                  ; 00:01:00                           ;
>>>>>>> 4f36ea37594e5a135a8cedabfe0dde5b34e2a77a
+----------------------+--------------+-------------------------+---------------------+------------------------------------+


+------------------------------------------------------------------------------------+
; Flow OS Summary                                                                    ;
+----------------------+------------------+------------+------------+----------------+
; Module Name          ; Machine Hostname ; OS Name    ; OS Version ; Processor type ;
+----------------------+------------------+------------+------------+----------------+
<<<<<<< HEAD
; Analysis & Synthesis ; DESKTOP-L9LP9HK  ; Windows 10 ; 10.0       ; x86_64         ;
; Fitter               ; DESKTOP-L9LP9HK  ; Windows 10 ; 10.0       ; x86_64         ;
; Assembler            ; DESKTOP-L9LP9HK  ; Windows 10 ; 10.0       ; x86_64         ;
; Timing Analyzer      ; DESKTOP-L9LP9HK  ; Windows 10 ; 10.0       ; x86_64         ;
; EDA Netlist Writer   ; DESKTOP-L9LP9HK  ; Windows 10 ; 10.0       ; x86_64         ;
=======
; Analysis & Synthesis ; Rekr             ; Windows 10 ; 10.0       ; x86_64         ;
; Fitter               ; Rekr             ; Windows 10 ; 10.0       ; x86_64         ;
; Assembler            ; Rekr             ; Windows 10 ; 10.0       ; x86_64         ;
; Timing Analyzer      ; Rekr             ; Windows 10 ; 10.0       ; x86_64         ;
; EDA Netlist Writer   ; Rekr             ; Windows 10 ; 10.0       ; x86_64         ;
>>>>>>> 4f36ea37594e5a135a8cedabfe0dde5b34e2a77a
+----------------------+------------------+------------+------------+----------------+


------------
; Flow Log ;
------------
quartus_map --read_settings_files=on --write_settings_files=off Pong -c Pong
quartus_fit --read_settings_files=off --write_settings_files=off Pong -c Pong
quartus_asm --read_settings_files=off --write_settings_files=off Pong -c Pong
quartus_sta Pong -c Pong
quartus_eda --read_settings_files=off --write_settings_files=off Pong -c Pong



